<?xml version="1.0" encoding="UTF-8"?>
<testsuite name="com.trinova.TestspringappApplicationTests" tests="1" skipped="0" failures="0" errors="0" timestamp="2016-07-11T23:23:06" hostname="ABOBO-WL" time="0.002">
  <properties/>
  <testcase name="contextLoads" classname="com.trinova.TestspringappApplicationTests" time="0.002"/>
  <system-out><![CDATA[17:23:04.299 [Test worker] DEBUG org.springframework.test.context.junit4.SpringJUnit4ClassRunner - SpringJUnit4ClassRunner constructor called with [class com.trinova.TestspringappApplicationTests]
17:23:04.305 [Test worker] DEBUG org.springframework.test.context.BootstrapUtils - Instantiating CacheAwareContextLoaderDelegate from class [org.springframework.test.context.cache.DefaultCacheAwareContextLoaderDelegate]
17:23:04.310 [Test worker] DEBUG org.springframework.test.context.BootstrapUtils - Instantiating BootstrapContext using constructor [public org.springframework.test.context.support.DefaultBootstrapContext(java.lang.Class,org.springframework.test.context.CacheAwareContextLoaderDelegate)]
17:23:04.321 [Test worker] DEBUG org.springframework.test.context.BootstrapUtils - Instantiating TestContextBootstrapper for test class [com.trinova.TestspringappApplicationTests] from class [org.springframework.test.context.web.WebTestContextBootstrapper]
17:23:04.338 [Test worker] DEBUG org.springframework.test.context.web.WebTestContextBootstrapper - Found explicit ContextLoader class [org.springframework.boot.test.SpringApplicationContextLoader] for context configuration attributes [ContextConfigurationAttributes@42e2fac7 declaringClass = 'com.trinova.TestspringappApplicationTests', classes = '{class com.trinova.TestspringappApplication}', locations = '{}', inheritLocations = true, initializers = '{}', inheritInitializers = true, name = [null], contextLoaderClass = 'org.springframework.boot.test.SpringApplicationContextLoader']
17:23:04.347 [Test worker] DEBUG org.springframework.test.context.support.AbstractContextLoader - Did not detect default resource location for test class [com.trinova.TestspringappApplicationTests]: class path resource [com/trinova/TestspringappApplicationTests-context.xml] does not exist
17:23:04.347 [Test worker] DEBUG org.springframework.test.context.support.AbstractContextLoader - Did not detect default resource location for test class [com.trinova.TestspringappApplicationTests]: class path resource [com/trinova/TestspringappApplicationTestsContext.groovy] does not exist
17:23:04.347 [Test worker] INFO org.springframework.test.context.support.AbstractContextLoader - Could not detect default resource locations for test class [com.trinova.TestspringappApplicationTests]: no resource found for suffixes {-context.xml, Context.groovy}.
17:23:04.349 [Test worker] DEBUG org.springframework.test.context.support.ActiveProfilesUtils - Could not find an 'annotation declaring class' for annotation type [org.springframework.test.context.ActiveProfiles] and class [com.trinova.TestspringappApplicationTests]
17:23:04.352 [Test worker] DEBUG org.springframework.test.context.web.WebTestContextBootstrapper - @TestExecutionListeners is not present for class [com.trinova.TestspringappApplicationTests]: using defaults.
17:23:04.359 [Test worker] INFO org.springframework.test.context.web.WebTestContextBootstrapper - Loaded default TestExecutionListener class names from location [META-INF/spring.factories]: [org.springframework.test.context.web.ServletTestExecutionListener, org.springframework.test.context.support.DirtiesContextBeforeModesTestExecutionListener, org.springframework.test.context.support.DependencyInjectionTestExecutionListener, org.springframework.test.context.support.DirtiesContextTestExecutionListener, org.springframework.test.context.transaction.TransactionalTestExecutionListener, org.springframework.test.context.jdbc.SqlScriptsTestExecutionListener]
17:23:04.363 [Test worker] INFO org.springframework.test.context.web.WebTestContextBootstrapper - Could not instantiate TestExecutionListener [org.springframework.test.context.jdbc.SqlScriptsTestExecutionListener]. Specify custom listener classes or make the default listener classes (and their required dependencies) available. Offending class: [org/springframework/transaction/interceptor/TransactionAttribute]
17:23:04.368 [Test worker] INFO org.springframework.test.context.web.WebTestContextBootstrapper - Could not instantiate TestExecutionListener [org.springframework.test.context.transaction.TransactionalTestExecutionListener]. Specify custom listener classes or make the default listener classes (and their required dependencies) available. Offending class: [org/springframework/transaction/interceptor/TransactionAttributeSource]
17:23:04.370 [Test worker] INFO org.springframework.test.context.web.WebTestContextBootstrapper - Using TestExecutionListeners: [org.springframework.test.context.web.ServletTestExecutionListener@18347fde, org.springframework.test.context.support.DirtiesContextBeforeModesTestExecutionListener@319b8f32, org.springframework.test.context.support.DependencyInjectionTestExecutionListener@50fb2d63, org.springframework.test.context.support.DirtiesContextTestExecutionListener@50307af4]
17:23:04.372 [Test worker] DEBUG org.springframework.test.annotation.ProfileValueUtils - Retrieved @ProfileValueSourceConfiguration [null] for test class [com.trinova.TestspringappApplicationTests]
17:23:04.373 [Test worker] DEBUG org.springframework.test.annotation.ProfileValueUtils - Retrieved ProfileValueSource type [class org.springframework.test.annotation.SystemProfileValueSource] for class [com.trinova.TestspringappApplicationTests]
17:23:04.374 [Test worker] DEBUG org.springframework.test.annotation.ProfileValueUtils - Retrieved @ProfileValueSourceConfiguration [null] for test class [com.trinova.TestspringappApplicationTests]
17:23:04.374 [Test worker] DEBUG org.springframework.test.annotation.ProfileValueUtils - Retrieved ProfileValueSource type [class org.springframework.test.annotation.SystemProfileValueSource] for class [com.trinova.TestspringappApplicationTests]
17:23:04.377 [Test worker] DEBUG org.springframework.test.context.support.AbstractDirtiesContextTestExecutionListener - Before test class: context [DefaultTestContext@63305acd testClass = TestspringappApplicationTests, testInstance = [null], testMethod = [null], testException = [null], mergedContextConfiguration = [WebMergedContextConfiguration@4051c062 testClass = TestspringappApplicationTests, locations = '{}', classes = '{class com.trinova.TestspringappApplication}', contextInitializerClasses = '[]', activeProfiles = '{}', propertySourceLocations = '{}', propertySourceProperties = '{}', resourceBasePath = 'src/main/webapp', contextLoader = 'org.springframework.boot.test.SpringApplicationContextLoader', parent = [null]]], class annotated with @DirtiesContext [false] with mode [null].
17:23:04.378 [Test worker] DEBUG org.springframework.test.annotation.ProfileValueUtils - Retrieved @ProfileValueSourceConfiguration [null] for test class [com.trinova.TestspringappApplicationTests]
17:23:04.378 [Test worker] DEBUG org.springframework.test.annotation.ProfileValueUtils - Retrieved ProfileValueSource type [class org.springframework.test.annotation.SystemProfileValueSource] for class [com.trinova.TestspringappApplicationTests]
17:23:04.448 [Test worker] DEBUG org.springframework.core.env.StandardEnvironment - Adding [systemProperties] PropertySource with lowest search precedence
17:23:04.448 [Test worker] DEBUG org.springframework.core.env.StandardEnvironment - Adding [systemEnvironment] PropertySource with lowest search precedence
17:23:04.448 [Test worker] DEBUG org.springframework.core.env.StandardEnvironment - Initialized StandardEnvironment with PropertySources [systemProperties,systemEnvironment]
17:23:04.450 [Test worker] DEBUG org.springframework.core.env.StandardEnvironment - Adding [integrationTest] PropertySource with search precedence immediately lower than [systemEnvironment]

  .   ____          _            __ _ _
 /\\ / ___'_ __ _ _(_)_ __  __ _ \ \ \ \
( ( )\___ | '_ | '_| | '_ \/ _` | \ \ \ \
 \\/  ___)| |_)| | | | | || (_| |  ) ) ) )
  '  |____| .__|_| |_|_| |_\__, | / / / /
 =========|_|==============|___/=/_/_/_/
 :: Spring Boot ::        (v1.3.6.RELEASE)

2016-07-11 17:23:04.690  INFO 5020 --- [    Test worker] c.trinova.TestspringappApplicationTests  : Starting TestspringappApplicationTests on ABOBO-WL with PID 5020 (C:\Users\aj.bobo\Documents\Heroku\testspringapp\build\classes\test started by AJ.Bobo in C:\Users\aj.bobo\Documents\Heroku\testspringapp)
2016-07-11 17:23:04.691  INFO 5020 --- [    Test worker] c.trinova.TestspringappApplicationTests  : No active profile set, falling back to default profiles: default
2016-07-11 17:23:04.768  INFO 5020 --- [    Test worker] o.s.w.c.s.GenericWebApplicationContext   : Refreshing org.springframework.web.context.support.GenericWebApplicationContext@4a4f6a3a: startup date [Mon Jul 11 17:23:04 MDT 2016]; root of context hierarchy
2016-07-11 17:23:06.268  INFO 5020 --- [    Test worker] s.w.s.m.m.a.RequestMappingHandlerAdapter : Looking for @ControllerAdvice: org.springframework.web.context.support.GenericWebApplicationContext@4a4f6a3a: startup date [Mon Jul 11 17:23:04 MDT 2016]; root of context hierarchy
2016-07-11 17:23:06.333  INFO 5020 --- [    Test worker] s.w.s.m.m.a.RequestMappingHandlerMapping : Mapped "{[/error]}" onto public org.springframework.http.ResponseEntity<java.util.Map<java.lang.String, java.lang.Object>> org.springframework.boot.autoconfigure.web.BasicErrorController.error(javax.servlet.http.HttpServletRequest)
2016-07-11 17:23:06.334  INFO 5020 --- [    Test worker] s.w.s.m.m.a.RequestMappingHandlerMapping : Mapped "{[/error],produces=[text/html]}" onto public org.springframework.web.servlet.ModelAndView org.springframework.boot.autoconfigure.web.BasicErrorController.errorHtml(javax.servlet.http.HttpServletRequest,javax.servlet.http.HttpServletResponse)
2016-07-11 17:23:06.360  INFO 5020 --- [    Test worker] o.s.w.s.handler.SimpleUrlHandlerMapping  : Mapped URL path [/webjars/**] onto handler of type [class org.springframework.web.servlet.resource.ResourceHttpRequestHandler]
2016-07-11 17:23:06.360  INFO 5020 --- [    Test worker] o.s.w.s.handler.SimpleUrlHandlerMapping  : Mapped URL path [/**] onto handler of type [class org.springframework.web.servlet.resource.ResourceHttpRequestHandler]
2016-07-11 17:23:06.393  INFO 5020 --- [    Test worker] o.s.w.s.handler.SimpleUrlHandlerMapping  : Mapped URL path [/**/favicon.ico] onto handler of type [class org.springframework.web.servlet.resource.ResourceHttpRequestHandler]
2016-07-11 17:23:06.507  INFO 5020 --- [    Test worker] c.trinova.TestspringappApplicationTests  : Started TestspringappApplicationTests in 2.047 seconds (JVM running for 2.701)
]]></system-out>
  <system-err><![CDATA[]]></system-err>
</testsuite>
